<?xml version="1.0" encoding="UTF-8"?>
<testng-results total="1" passed="1" failed="0" skipped="0">
  <reporter-output>
  </reporter-output>
  <suite started-at="2020-04-02T05:00:00Z" name="MySuite" finished-at="2020-04-02T05:00:34Z" duration-ms="34903">
    <groups>
    </groups>
    <test started-at="2020-04-02T05:00:00Z" name="Functionality" finished-at="2020-04-02T05:00:34Z" duration-ms="34903">
      <class name="antJenkinRevisionPackage.antJenRevisionClass">
        <test-method signature="test()[pri:0, instance:antJenkinRevisionPackage.antJenRevisionClass@37271612]" started-at="2020-04-02T10:00:00Z" name="test" finished-at="2020-04-02T10:00:34Z" duration-ms="34879" status="PASS">
          <reporter-output>
          </reporter-output>
        </test-method> <!-- test -->
      </class> <!-- antJenkinRevisionPackage.antJenRevisionClass -->
    </test> <!-- Functionality -->
  </suite> <!-- MySuite -->
</testng-results>
